<?xml version="1.0" encoding="UTF-8"?>
<!-- Generated by org.testng.reporters.JUnitReportReporter -->
<testsuite hostname="VIKASSAI03" failures="0" tests="1" name="org_testing_scripts_youtube.TC1" time="67.971" errors="0" timestamp="27 Dec 2018 18:21:01 GMT">
  <testcase classname="org_testing_scripts_youtube.TC1" name="testcase1" time="67.971"/>
</testsuite> <!-- org_testing_scripts_youtube.TC1 -->
