<?xml version="1.0" encoding="UTF-8"?>
<!-- Generated by org.testng.reporters.JUnitReportReporter -->
<testsuite hostname="VIKASSAI03" failures="0" tests="1" name="org_testing_scripts_youtube.TC4" time="80.291" errors="0" timestamp="27 Dec 2018 18:21:01 GMT">
  <testcase classname="org_testing_scripts_youtube.TC4" name="testcase1" time="80.291"/>
</testsuite> <!-- org_testing_scripts_youtube.TC4 -->
