<?xml version="1.0" encoding="UTF-8"?>
<!-- Generated by org.testng.reporters.JUnitReportReporter -->
<testsuite hostname="VIKASSAI03" failures="0" tests="1" name="org_testing_scripts_youtube.TC3" time="66.287" errors="0" timestamp="18 Dec 2018 20:14:10 GMT">
  <testcase classname="org_testing_scripts_youtube.TC3" name="testcase1" time="66.287"/>
</testsuite> <!-- org_testing_scripts_youtube.TC3 -->
