<?xml version="1.0" encoding="UTF-8"?>
<!-- Generated by org.testng.reporters.JUnitReportReporter -->
<testsuite hostname="VIKASSAI03" failures="0" tests="1" name="org_testing_youtube.TC3" time="24.451" errors="0" timestamp="23 Nov 2018 22:21:32 GMT">
  <testcase classname="org_testing_youtube.TC3" name="testcase1" time="24.451"/>
</testsuite> <!-- org_testing_youtube.TC3 -->
