<?xml version="1.0" encoding="UTF-8"?>
<!-- Generated by org.testng.reporters.JUnitReportReporter -->
<testsuite hostname="VIKASSAI03" failures="0" tests="1" name="org_testing_scripts_youtube.Testin" time="39.736" errors="0" timestamp="18 Dec 2018 20:45:21 GMT">
  <testcase classname="org_testing_scripts_youtube.Testin" name="testing" time="39.736"/>
</testsuite> <!-- org_testing_scripts_youtube.Testin -->
